This is LuaHBTeX, Version 1.14.0 (TeX Live 2022/dev/Debian)  (format=lualatex 2022.12.6)  30 APR 2023 19:32
 restricted system commands enabled.
**Abstract.tex
(./Abstract.tex
LaTeX2e <2021-11-15> patch level 1
Lua module: luaotfload 2021-05-21 3.18 Lua based OpenType font support
Lua module: lualibs 2021-05-20 2.74 ConTeXt Lua standard libraries.
Lua module: lualibs-extended 2021-05-20 2.74 ConTeXt Lua libraries -- extended c
ollection.
luaotfload | conf : Root cache directory is "/home/commodo98/.texlive2021/texmf-
var/luatex-cache/generic/names".
luaotfload | init : Loading fontloader "fontloader-2021-05-20.lua" from kpse-res
olved path "/usr/share/texlive/texmf-dist/tex/luatex/luaotfload/fontloader-2021-
05-20.lua".
Lua-only attribute luaotfload@noligature = 1
Lua-only attribute luaotfload@syllabe = 2
luaotfload | init : Context OpenType loader version 3.116
Inserting `luaotfload.node_processor' at position 1 in `pre_linebreak_filter'.
Inserting `luaotfload.node_processor' at position 1 in `hpack_filter'.
Inserting `luaotfload.glyph_stream' at position 1 in `glyph_stream_provider'.
Inserting `luaotfload.define_font' at position 1 in `define_font'.
Lua-only attribute luaotfload_color_attribute = 3
luaotfload | conf : Root cache directory is "/home/commodo98/.texlive2021/texmf-
var/luatex-cache/generic/names".
Inserting `luaotfload.harf.strip_prefix' at position 1 in `find_opentype_file'.
Inserting `luaotfload.harf.strip_prefix' at position 1 in `find_truetype_file'.
Inserting `luaotfload.harf.finalize_vlist' at position 1 in `post_linebreak_filt
er'.
Inserting `luaotfload.harf.finalize_hlist' at position 2 in `hpack_filter'.
Inserting `luaotfload.cleanup_files' at position 1 in `wrapup_run'.
Inserting `luaotfload.harf.finalize_unicode' at position 1 in `finish_pdffile'.
Inserting `luaotfload.glyphinfo' at position 1 in `glyph_info'.
Lua-only attribute luaotfload.letterspace_done = 4
Inserting `luaotfload.aux.set_sscale_dimens' at position 1 in `luaotfload.patch_
font'.
Inserting `luaotfload.aux.set_font_index' at position 2 in `luaotfload.patch_fon
t'.
Inserting `luaotfload.aux.patch_cambria_domh' at position 3 in `luaotfload.patch
_font'.
Inserting `luaotfload.aux.fixup_fontdata' at position 1 in `luaotfload.patch_fon
t_unsafe'.
Inserting `luaotfload.aux.set_capheight' at position 4 in `luaotfload.patch_font
'.
Inserting `luaotfload.aux.set_xheight' at position 5 in `luaotfload.patch_font'.
Inserting `luaotfload.rewrite_fontname' at position 6 in `luaotfload.patch_font'
. L3 programming layer <2022-01-21>
Inserting `tracingstacklevels' at position 1 in `input_level_string'.

! LaTeX Error: Environment abstract undefined.

See the LaTeX manual or LaTeX Companion for explanation.
Type  H <return>  for immediate help.
 ...                                              
                                                  
l.1 \begin{abstract}
                  
Your command was ignored.
Type  I <command> <return>  to replace it with another command,
or  <return>  to continue without it.

! Undefined control sequence.
l.2 \commento
           {Short introduction (1 page of text), an overview on the entire t...
The control sequence at the end of the top line
of your error message was never \def'ed. If you have
misspelled it (e.g., `\hobx'), type `I' and the correct
spelling (e.g., `I\hbox'). Otherwise just continue,
and I'll forget about whatever was undefined.


! LaTeX Error: Missing \begin{document}.

See the LaTeX manual or LaTeX Companion for explanation.
Type  H <return>  for immediate help.
 ...                                              
                                                  
l.2 \commento{S
             hort introduction (1 page of text), an overview on the entire t...
You're in trouble here.  Try typing  <return>  to proceed.
If that doesn't work, type  X <return>  to quit.


Overfull \hbox (20.0pt too wide) in paragraph at lines 2--3
[]Short
 []


! LaTeX Error: Missing \begin{document}.

See the LaTeX manual or LaTeX Companion for explanation.
Type  H <return>  for immediate help.
 ...                                              
                                                  
l.4 T
   he Mainz Radius Experiment (MREX) is an experimental campaign with the ai...
You're in trouble here.  Try typing  <return>  to proceed.
If that doesn't work, type  X <return>  to quit.

LaTeX Font Info:    External font `cmex10' loaded for size
(Font)              <7> on input line 4.
LaTeX Font Info:    External font `cmex10' loaded for size
(Font)              <5> on input line 4.

Overfull \hbox (20.0pt too wide) in paragraph at lines 4--8
[]The
 []


Overfull \hbox (6.80557pt too wide) in paragraph at lines 4--8
\OML/cmm/m/it/10 L$\nullfont ,
 []


Overfull \hbox (6.80557pt too wide) in paragraph at lines 4--8
\OML/cmm/m/it/10 L$\nullfont .
 []


Overfull \hbox (21.98148pt too wide) in paragraph at lines 4--8
\OML/cmm/m/it/10 R[]$
 []


Overfull \hbox (7.67015pt too wide) in paragraph at lines 4--8
\OML/cmm/m/it/10 R$
 []


Overfull \hbox (24.55908pt too wide) in paragraph at lines 4--8
[][]\OML/cmm/m/it/10 Pb$
 []


! LaTeX Error: Missing \begin{document}.

See the LaTeX manual or LaTeX Companion for explanation.
Type  H <return>  for immediate help.
 ...                                              
                                                  
l.9 T
   he work of this thesis focuses on the measurement of the transverse asymm...
You're in trouble here.  Try typing  <return>  to proceed.
If that doesn't work, type  X <return>  to quit.


Overfull \hbox (20.0pt too wide) in paragraph at lines 9--10
[]The
 []


Overfull \hbox (12.94334pt too wide) in paragraph at lines 9--10
\OML/cmm/m/it/10 A[]$
 []


Overfull \hbox (16.33475pt too wide) in paragraph at lines 9--10
[][]\OML/cmm/m/it/10 C$
 []


Overfull \hbox (16.33475pt too wide) in paragraph at lines 9--10
[][]\OML/cmm/m/it/10 C$
 []


Overfull \hbox (12.94334pt too wide) in paragraph at lines 9--10
\OML/cmm/m/it/10 A[]$
 []


Overfull \hbox (24.55908pt too wide) in paragraph at lines 9--10
[][]\OML/cmm/m/it/10 Pb$\nullfont .
 []


Overfull \hbox (12.94334pt too wide) in paragraph at lines 9--10
\OML/cmm/m/it/10 A[]$\nullfont ,
 []


! LaTeX Error: Missing \begin{document}.

See the LaTeX manual or LaTeX Companion for explanation.
Type  H <return>  for immediate help.
 ...                                              
                                                  
l.11 \begin{itemize}
                  
You're in trouble here.  Try typing  <return>  to proceed.
If that doesn't work, type  X <return>  to quit.


Overfull \hbox (20.0pt too wide) in paragraph at lines 11--11
[] 
 []


Overfull \hbox (16.33475pt too wide) in paragraph at lines 17--18
[][]\OML/cmm/m/it/10 C$
 []


Overfull \hbox (12.94334pt too wide) in paragraph at lines 17--18
\OML/cmm/m/it/10 A[]$\nullfont .
 []


Overfull \hbox (24.55908pt too wide) in paragraph at lines 17--18
[][]\OML/cmm/m/it/10 Pb$\nullfont . 
 []


Overfull \hbox (20.0pt too wide) in paragraph at lines 20--21
[]The
 []


! LaTeX Error: \begin{document} ended by \end{abstract}.

See the LaTeX manual or LaTeX Companion for explanation.
Type  H <return>  for immediate help.
 ...                                              
                                                  
l.23 \end{abstract}
                 
Your command was ignored.
Type  I <command> <return>  to replace it with another command,
or  <return>  to continue without it.

)
! Emergency stop.
<*> Abstract.tex
             
*** (job aborted, no legal \end found)



Here is how much of LuaTeX's memory you used:
 24 strings out of 477805
 100000,383344 words of node,token memory allocated 28536 words of node memory still in use:
   83 hlist, 13 disc, 11 local_par, 1 dir, 14 math, 677 glue, 11 kern, 32 penalt
y, 3142 glyph, 83 attribute, 39 glue_spec, 83 attribute_list nodes
   avail lists: 2:2,3:1,4:109,5:10,7:29,8:6,10:108
 20840 multiletter control sequences out of 65536+600000
 24 fonts using 1213367 bytes
 18i,2n,12p,865b,80s stack positions out of 5000i,500n,10000p,200000b,80000s
!  ==> Fatal error occurred, no output PDF file produced!
